200 {"id":6578719719,"firstName":"Mcklavkof","lastName":"","balance":467,"repaints":484,"score":null,"language":"id","friends":0,"intro":false,"userPic":"","league":"gold","templateId":0,"squad":{"id":null,"name":null,"slug":null,"logo":null,"templateX":null,"templateY":null,"players":null,"totalBalance":null,"totalRepaints":null,"scoredRepaints":null},"goods":null,"refLimit":0,"websocketToken":"eyJhbGciOiJIUzI1NiIsInR5cCI6IkpXVCJ9.eyJjaGFubmVscyI6WyJldmVudDptZXNzYWdlIiwicGl4ZWw6bWVzc2FnZSJdLCJleHAiOjE3Mjg3NTE4NTUsInN1YiI6IjY1Nzg3MTk3MTkifQ.2NJTm50hmmBI8qN8u_MSFQ-zZVRxrTFwWVeEwSFx5i8"}

200 {"coins":0,"speedPerSecond":0.0005646666666666667,"fromStart":147103,"fromUpdate":0,"maxMiningTime":28800,"claimed":0,"boosts":{"energyLimit":2,"paintReward":6,"reChargeSpeed":5},"repaintsTotal":484,"userBalance":467.94497316666997,"activated":true,"league":"gold","charges":6,"maxCharges":6,"reChargeTimer":0,"reChargeSpeed":480000,"goods":{},"tasks":{"channel:notcoin":true,"channel:notpixel_channel":true,"leagueBonusGold":true,"leagueBonusSilver":true,"paint20pixels":true,"x:notcoin":true,"x:notpixel":true}}

200 {"balance":468.94497316667}

200 {"balance":469.94497316667}

200 {"balance":470.94497316667}

200 {"balance":482.44497316667}

200 {"balance":483.44497316667}

200 {"balance":494.94497316667}

200 {"coins":16.2624,"speedPerSecond":0.0005646666666666667,"fromStart":147123,"fromUpdate":0,"maxMiningTime":28800,"claimed":0,"boosts":{"energyLimit":2,"paintReward":6,"reChargeSpeed":5},"repaintsTotal":490,"userBalance":494.94497316666997,"activated":true,"league":"gold","charges":0,"maxCharges":6,"reChargeTimer":460253,"reChargeSpeed":480000,"goods":{},"tasks":{"channel:notcoin":true,"channel:notpixel_channel":true,"leagueBonusGold":true,"leagueBonusSilver":true,"paint20pixels":true,"x:notcoin":true,"x:notpixel":true}}

200 {"coins":0,"speedPerSecond":0.0005716666666666666,"fromStart":0,"fromUpdate":0,"maxMiningTime":28800,"claimed":16.2624,"boosts":{"energyLimit":2,"paintReward":6,"reChargeSpeed":5},"repaintsTotal":0,"userBalance":0,"activated":true,"league":"gold","charges":0,"maxCharges":0,"reChargeTimer":0,"reChargeSpeed":0,"goods":null,"tasks":{"channel:notcoin":true,"channel:notpixel_channel":true,"leagueBonusGold":true,"leagueBonusSilver":true,"paint20pixels":true,"x:notcoin":true,"x:notpixel":true}}

200 {"id":6248170700,"firstName":"Henyan","lastName":"Chan","balance":604,"repaints":447,"score":null,"language":"id","friends":0,"intro":false,"userPic":"","league":"gold","templateId":0,"squad":{"id":null,"name":null,"slug":null,"logo":null,"templateX":null,"templateY":null,"players":null,"totalBalance":null,"totalRepaints":null,"scoredRepaints":null},"goods":null,"refLimit":0,"websocketToken":"eyJhbGciOiJIUzI1NiIsInR5cCI6IkpXVCJ9.eyJjaGFubmVscyI6WyJldmVudDptZXNzYWdlIiwicGl4ZWw6bWVzc2FnZSJdLCJleHAiOjE3Mjg3NTE5MTcsInN1YiI6IjYyNDgxNzA3MDAifQ.czFZ2baRIRcQNPIFDdcSw-nZ74T2jAYbKqKM9os5DSA"}

200 {"coins":0,"speedPerSecond":0.0005214999999999999,"fromStart":191477,"fromUpdate":0,"maxMiningTime":28800,"claimed":0,"boosts":{"energyLimit":2,"paintReward":7,"reChargeSpeed":5},"repaintsTotal":447,"userBalance":4.7781388333366,"activated":true,"league":"gold","charges":6,"maxCharges":6,"reChargeTimer":0,"reChargeSpeed":480000,"goods":{},"tasks":{"channel:notcoin":true,"channel:notpixel_channel":true,"leagueBonusGold":true,"leagueBonusSilver":true,"paint20pixels":true,"x:notcoin":true,"x:notpixel":true}}

200 {"balance":5.7781388333366}

200 {"balance":17.778138833337}

200 {"balance":18.778138833337}

200 {"balance":30.778138833337}

200 {"balance":31.778138833337}

200 {"balance":43.778138833337}

200 {"coins":15.019199999999998,"speedPerSecond":0.0005214999999999999,"fromStart":191495,"fromUpdate":0,"maxMiningTime":28800,"claimed":0,"boosts":{"energyLimit":2,"paintReward":7,"reChargeSpeed":5},"repaintsTotal":453,"userBalance":43.7781388333366,"activated":true,"league":"gold","charges":0,"maxCharges":6,"reChargeTimer":464176,"reChargeSpeed":480000,"goods":{},"tasks":{"channel:notcoin":true,"channel:notpixel_channel":true,"leagueBonusGold":true,"leagueBonusSilver":true,"paint20pixels":true,"x:notcoin":true,"x:notpixel":true}}

500 can't claim mining. Try again in 3600 seconds
500 can't claim mining. Try again in 3595 seconds
500 can't claim mining. Try again in 3587 seconds
500 can't claim mining. Try again in 3584 seconds
503 The connection cannot be served because Server.Concurrency limit exceeded
500 can't claim mining. Try again in 3572 seconds
503 The connection cannot be served because Server.Concurrency limit exceeded
500 can't claim mining. Try again in 3561 seconds
500 can't claim mining. Try again in 3557 seconds
500 can't claim mining. Try again in 3552 seconds
500 can't claim mining. Try again in 3547 seconds
504 upstream request timeout
200 {"coins":0,"speedPerSecond":0.0005285,"fromStart":0,"fromUpdate":0,"maxMiningTime":28800,"claimed":0.0343525,"boosts":{"energyLimit":2,"paintReward":7,"reChargeSpeed":5},"repaintsTotal":0,"userBalance":0,"activated":true,"league":"gold","charges":0,"maxCharges":0,"reChargeTimer":0,"reChargeSpeed":0,"goods":null,"tasks":{"channel:notcoin":true,"channel:notpixel_channel":true,"leagueBonusGold":true,"leagueBonusSilver":true,"paint20pixels":true,"x:notcoin":true,"x:notpixel":true}}

200 {"id":6578719719,"firstName":"Mcklavkof","lastName":"","balance":511,"repaints":490,"score":null,"language":"id","friends":0,"intro":false,"userPic":"","league":"gold","templateId":0,"squad":{"id":null,"name":null,"slug":null,"logo":null,"templateX":null,"templateY":null,"players":null,"totalBalance":null,"totalRepaints":null,"scoredRepaints":null},"goods":null,"refLimit":0,"websocketToken":"eyJhbGciOiJIUzI1NiIsInR5cCI6IkpXVCJ9.eyJjaGFubmVscyI6WyJldmVudDptZXNzYWdlIiwicGl4ZWw6bWVzc2FnZSJdLCJleHAiOjE3Mjg3NTM0MjQsInN1YiI6IjY1Nzg3MTk3MTkifQ.BwZh7i0rBqfIQzlJsHzXAZlJO2gQCTJuxf7XkkL6K0E"}

200 {"coins":0,"speedPerSecond":0.0005716666666666666,"fromStart":1546,"fromUpdate":0,"maxMiningTime":28800,"claimed":0,"boosts":{"energyLimit":2,"paintReward":6,"reChargeSpeed":5},"repaintsTotal":490,"userBalance":511.20737316667,"activated":true,"league":"gold","charges":3,"maxCharges":6,"reChargeTimer":352006,"reChargeSpeed":480000,"goods":{},"tasks":{"channel:notcoin":true,"channel:notpixel_channel":true,"leagueBonusGold":true,"leagueBonusSilver":true,"paint20pixels":true,"x:notcoin":true,"x:notpixel":true}}

200 {"balance":512.20737316667}

200 {"balance":513.20737316667}

200 {"coins":0.8837966666666666,"speedPerSecond":0.0005728333333333333,"fromStart":1550,"fromUpdate":0,"maxMiningTime":28800,"claimed":0,"boosts":{"energyLimit":2,"paintReward":6,"reChargeSpeed":5},"repaintsTotal":492,"userBalance":513.20737316667,"activated":true,"league":"gold","charges":1,"maxCharges":6,"reChargeTimer":348246,"reChargeSpeed":480000,"goods":{},"tasks":{"channel:notcoin":true,"channel:notpixel_channel":true,"leagueBonusGold":true,"leagueBonusSilver":true,"paint20pixels":true,"x:notcoin":true,"x:notpixel":true}}

200 {"coins":0,"speedPerSecond":0.000574,"fromStart":0,"fromUpdate":0,"maxMiningTime":28800,"claimed":0.8878916666666666,"boosts":{"energyLimit":2,"paintReward":6,"reChargeSpeed":5},"repaintsTotal":0,"userBalance":0,"activated":true,"league":"gold","charges":0,"maxCharges":0,"reChargeTimer":0,"reChargeSpeed":0,"goods":null,"tasks":{"channel:notcoin":true,"channel:notpixel_channel":true,"leagueBonusGold":true,"leagueBonusSilver":true,"paint20pixels":true,"x:notcoin":true,"x:notpixel":true}}

200 {"id":6248170700,"firstName":"Henyan","lastName":"Chan","balance":58,"repaints":453,"score":null,"language":"id","friends":0,"intro":false,"userPic":"","league":"gold","templateId":0,"squad":{"id":null,"name":null,"slug":null,"logo":null,"templateX":null,"templateY":null,"players":null,"totalBalance":null,"totalRepaints":null,"scoredRepaints":null},"goods":null,"refLimit":0,"websocketToken":"eyJhbGciOiJIUzI1NiIsInR5cCI6IkpXVCJ9.eyJjaGFubmVscyI6WyJldmVudDptZXNzYWdlIiwicGl4ZWw6bWVzc2FnZSJdLCJleHAiOjE3Mjg3NTM0OTIsInN1YiI6IjYyNDgxNzA3MDAifQ.MoXNjNvxPxGlwtIYJ0ui4G36EvS-Zupxs4-bDtNfzss"}

200 {"coins":0,"speedPerSecond":0.0005285,"fromStart":1487,"fromUpdate":0,"maxMiningTime":28800,"claimed":0,"boosts":{"energyLimit":2,"paintReward":7,"reChargeSpeed":5},"repaintsTotal":453,"userBalance":58.83169133333659,"activated":true,"league":"gold","charges":3,"maxCharges":6,"reChargeTimer":346972,"reChargeSpeed":480000,"goods":{},"tasks":{"channel:notcoin":true,"channel:notpixel_channel":true,"leagueBonusGold":true,"leagueBonusSilver":true,"paint20pixels":true,"x:notcoin":true,"x:notpixel":true}}

200 {"balance":59.831691333337}

504 upstream request timeout
200 {"balance":71.831691333337}

200 {"coins":0.787465,"speedPerSecond":0.0005296666666666666,"fromStart":1502,"fromUpdate":0,"maxMiningTime":28800,"claimed":0,"boosts":{"energyLimit":2,"paintReward":7,"reChargeSpeed":5},"repaintsTotal":455,"userBalance":71.8316913333366,"activated":true,"league":"gold","charges":1,"maxCharges":6,"reChargeTimer":332136,"reChargeSpeed":480000,"goods":{},"tasks":{"channel:notcoin":true,"channel:notpixel_channel":true,"leagueBonusGold":true,"leagueBonusSilver":true,"paint20pixels":true,"x:notcoin":true,"x:notpixel":true}}

504 upstream request timeout
200 {"coins":0,"speedPerSecond":0.0005308333333333332,"fromStart":0,"fromUpdate":0,"maxMiningTime":28800,"claimed":0.8019153333333332,"boosts":{"energyLimit":2,"paintReward":7,"reChargeSpeed":5},"repaintsTotal":0,"userBalance":0,"activated":true,"league":"gold","charges":0,"maxCharges":0,"reChargeTimer":0,"reChargeSpeed":0,"goods":null,"tasks":{"channel:notcoin":true,"channel:notpixel_channel":true,"leagueBonusGold":true,"leagueBonusSilver":true,"paint20pixels":true,"x:notcoin":true,"x:notpixel":true}}

